<?xml version="1.0" encoding="UTF-8"?>
<!-- Generated by org.testng.reporters.JUnitReportReporter -->
<testsuite hostname="DESKTOP-8TB1GUU" failures="0" tests="2" name="com.qa.testcases.LoginPageTest" time="11.065" errors="0" timestamp="2021-10-05T16:22:26 NZDT" skipped="0">
  <testcase classname="com.qa.testcases.LoginPageTest" name="loginPageTitleTest" time="4.831"/>
  <testcase classname="com.qa.testcases.LoginPageTest" name="loginTest" time="6.234"/>
</testsuite> <!-- com.qa.testcases.LoginPageTest -->
