<?xml version="1.0" encoding="UTF-8"?>
<!-- Generated by org.testng.reporters.JUnitReportReporter -->
<testsuite hostname="DESKTOP-8TB1GUU" failures="0" tests="2" name="com.qa.testcases.LoginPageTest" time="8.093" errors="0" timestamp="2021-10-09T21:47:33 NZDT" skipped="0">
  <testcase classname="com.qa.testcases.LoginPageTest" name="loginPageTitleTest" time="4.105"/>
  <testcase classname="com.qa.testcases.LoginPageTest" name="loginTest" time="3.988"/>
</testsuite> <!-- com.qa.testcases.LoginPageTest -->
