<?xml version="1.0" encoding="UTF-8"?>
<!-- Generated by org.testng.reporters.JUnitReportReporter -->
<testsuite hostname="DESKTOP-8TB1GUU" failures="0" tests="1" name="com.qa.testcases.HomePageTest" time="13.495" errors="0" timestamp="2021-10-09T21:47:33 NZDT" skipped="0">
  <testcase classname="com.qa.testcases.HomePageTest" name="verifyHomePageTitleTest" time="13.495"/>
</testsuite> <!-- com.qa.testcases.HomePageTest -->
